<?xml version="1.0" encoding="UTF-8"?>
<!-- Generated by org.testng.reporters.JUnitXMLReporter -->
<testsuite hostname="Elton-John-PC" ignored="0" name="order" tests="3" failures="0" timestamp="11 May 2018 20:32:06 GMT" time="233.345" errors="0">
  <testcase name="feature" time="94.012" classname="cucumber.api.testng.AbstractTestNGCucumberTests"/>
  <testcase name="feature" time="63.184" classname="cucumber.api.testng.AbstractTestNGCucumberTests"/>
  <testcase name="feature" time="73.15" classname="cucumber.api.testng.AbstractTestNGCucumberTests"/>
</testsuite> <!-- order -->
