<?xml version="1.0" encoding="UTF-8"?>
<!-- Generated by org.testng.reporters.JUnitXMLReporter -->
<testsuite hostname="Elinvar" ignored="0" name="Default test" tests="7" failures="0" timestamp="11 May 2018 19:25:00 GMT" time="52.792" errors="0">
  <testcase name="VPclicksBatches" time="8.782" classname="com.revature.test.Test_Runner"/>
  <testcase name="VPclicksCurricula" time="6.452" classname="com.revature.test.Test_Runner"/>
  <testcase name="VPclicksLocation" time="6.627" classname="com.revature.test.Test_Runner"/>
  <testcase name="VPclicksLogout" time="6.905" classname="com.revature.test.Test_Runner"/>
  <testcase name="VPclicksOverview" time="6.314" classname="com.revature.test.Test_Runner"/>
  <testcase name="VPclicksSettings" time="7.202" classname="com.revature.test.Test_Runner"/>
  <testcase name="VPclicksTraniner" time="8.412" classname="com.revature.test.Test_Runner"/>
</testsuite> <!-- Default test -->
