<?xml version="1.0" encoding="UTF-8"?>
<testng-results skipped="0" failed="1" ignored="0" total="7" passed="6">
  <reporter-output>
  </reporter-output>
  <suite name="Default suite" duration-ms="54700" started-at="2018-05-12T20:39:15Z" finished-at="2018-05-12T20:40:09Z">
    <groups>
    </groups>
    <test name="Default test" duration-ms="54700" started-at="2018-05-12T20:39:15Z" finished-at="2018-05-12T20:40:09Z">
      <class name="com.revature.test.Test_Runner">
        <test-method status="PASS" signature="beforeTest()[pri:0, instance:com.revature.test.Test_Runner@6d3af739]" name="beforeTest" is-config="true" duration-ms="10" started-at="2018-05-12T20:39:15Z" finished-at="2018-05-12T20:39:15Z">
          <reporter-output>
          </reporter-output>
        </test-method> <!-- beforeTest -->
        <test-method status="PASS" signature="VPclicksBatches()[pri:0, instance:com.revature.test.Test_Runner@6d3af739]" name="VPclicksBatches" duration-ms="8741" started-at="2018-05-12T20:39:15Z" finished-at="2018-05-12T20:39:23Z">
          <reporter-output>
          </reporter-output>
        </test-method> <!-- VPclicksBatches -->
        <test-method status="PASS" signature="VPclicksCurricula()[pri:0, instance:com.revature.test.Test_Runner@6d3af739]" name="VPclicksCurricula" duration-ms="7190" started-at="2018-05-12T20:39:24Z" finished-at="2018-05-12T20:39:31Z">
          <reporter-output>
          </reporter-output>
        </test-method> <!-- VPclicksCurricula -->
        <test-method status="PASS" signature="VPclicksLocation()[pri:0, instance:com.revature.test.Test_Runner@6d3af739]" name="VPclicksLocation" duration-ms="7615" started-at="2018-05-12T20:39:31Z" finished-at="2018-05-12T20:39:38Z">
          <reporter-output>
          </reporter-output>
        </test-method> <!-- VPclicksLocation -->
        <test-method status="PASS" signature="VPclicksLogout()[pri:0, instance:com.revature.test.Test_Runner@6d3af739]" name="VPclicksLogout" duration-ms="9073" started-at="2018-05-12T20:39:38Z" finished-at="2018-05-12T20:39:47Z">
          <reporter-output>
          </reporter-output>
        </test-method> <!-- VPclicksLogout -->
        <test-method status="PASS" signature="VPclicksOverview()[pri:0, instance:com.revature.test.Test_Runner@6d3af739]" name="VPclicksOverview" duration-ms="6993" started-at="2018-05-12T20:39:48Z" finished-at="2018-05-12T20:39:55Z">
          <reporter-output>
          </reporter-output>
        </test-method> <!-- VPclicksOverview -->
        <test-method status="PASS" signature="VPclicksSettings()[pri:0, instance:com.revature.test.Test_Runner@6d3af739]" name="VPclicksSettings" duration-ms="6596" started-at="2018-05-12T20:39:55Z" finished-at="2018-05-12T20:40:01Z">
          <reporter-output>
          </reporter-output>
        </test-method> <!-- VPclicksSettings -->
        <test-method status="FAIL" signature="VPclicksTraniner()[pri:0, instance:com.revature.test.Test_Runner@6d3af739]" name="VPclicksTraniner" duration-ms="7954" started-at="2018-05-12T20:40:01Z" finished-at="2018-05-12T20:40:09Z">
          <exception class="org.openqa.selenium.ElementNotVisibleException">
            <message>
              <![CDATA[element not visible
  (Session info: chrome=66.0.3359.139)
  (Driver info: chromedriver=2.38.552522 (437e6fbedfa8762dec75e2c5b3ddb86763dc9dcb),platform=Windows NT 6.1.7601 SP1 x86_64) (WARNING: The server did not provide any stacktrace information)
Command duration or timeout: 0 milliseconds
Build info: version: '3.12.0', revision: '7c6e0b3', time: '2018-05-08T15:15:08.936Z'
System info: host: 'ELINVAR', ip: '192.168.61.9', os.name: 'Windows 7', os.arch: 'amd64', os.version: '6.1', java.version: '1.8.0_161'
Driver info: org.openqa.selenium.chrome.ChromeDriver
Capabilities {acceptInsecureCerts: false, acceptSslCerts: false, applicationCacheEnabled: false, browserConnectionEnabled: false, browserName: chrome, chrome: {chromedriverVersion: 2.38.552522 (437e6fbedfa876..., userDataDir: C:\Users\kaiser\AppData\Loc...}, cssSelectorsEnabled: true, databaseEnabled: false, handlesAlerts: true, hasTouchScreen: false, javascriptEnabled: true, locationContextEnabled: true, mobileEmulationEnabled: false, nativeEvents: true, networkConnectionEnabled: false, pageLoadStrategy: normal, platform: XP, platformName: XP, rotatable: false, setWindowRect: true, takesHeapSnapshot: true, takesScreenshot: true, unexpectedAlertBehaviour: , unhandledPromptBehavior: , version: 66.0.3359.139, webStorageEnabled: true}
Session ID: ea1401dd7274cbdd519f83d03770d2e6]]>
            </message>
            <full-stacktrace>
              <![CDATA[org.openqa.selenium.ElementNotVisibleException: element not visible
  (Session info: chrome=66.0.3359.139)
  (Driver info: chromedriver=2.38.552522 (437e6fbedfa8762dec75e2c5b3ddb86763dc9dcb),platform=Windows NT 6.1.7601 SP1 x86_64) (WARNING: The server did not provide any stacktrace information)
Command duration or timeout: 0 milliseconds
Build info: version: '3.12.0', revision: '7c6e0b3', time: '2018-05-08T15:15:08.936Z'
System info: host: 'ELINVAR', ip: '192.168.61.9', os.name: 'Windows 7', os.arch: 'amd64', os.version: '6.1', java.version: '1.8.0_161'
Driver info: org.openqa.selenium.chrome.ChromeDriver
Capabilities {acceptInsecureCerts: false, acceptSslCerts: false, applicationCacheEnabled: false, browserConnectionEnabled: false, browserName: chrome, chrome: {chromedriverVersion: 2.38.552522 (437e6fbedfa876..., userDataDir: C:\Users\kaiser\AppData\Loc...}, cssSelectorsEnabled: true, databaseEnabled: false, handlesAlerts: true, hasTouchScreen: false, javascriptEnabled: true, locationContextEnabled: true, mobileEmulationEnabled: false, nativeEvents: true, networkConnectionEnabled: false, pageLoadStrategy: normal, platform: XP, platformName: XP, rotatable: false, setWindowRect: true, takesHeapSnapshot: true, takesScreenshot: true, unexpectedAlertBehaviour: , unhandledPromptBehavior: , version: 66.0.3359.139, webStorageEnabled: true}
Session ID: ea1401dd7274cbdd519f83d03770d2e6
at sun.reflect.NativeConstructorAccessorImpl.newInstance0(Native Method)
at sun.reflect.NativeConstructorAccessorImpl.newInstance(NativeConstructorAccessorImpl.java:62)
at sun.reflect.DelegatingConstructorAccessorImpl.newInstance(DelegatingConstructorAccessorImpl.java:45)
at java.lang.reflect.Constructor.newInstance(Constructor.java:423)
at org.openqa.selenium.remote.ErrorHandler.createThrowable(ErrorHandler.java:214)
at org.openqa.selenium.remote.ErrorHandler.throwIfResponseFailed(ErrorHandler.java:166)
at org.openqa.selenium.remote.http.JsonHttpResponseCodec.reconstructValue(JsonHttpResponseCodec.java:40)
at org.openqa.selenium.remote.http.AbstractHttpResponseCodec.decode(AbstractHttpResponseCodec.java:80)
at org.openqa.selenium.remote.http.AbstractHttpResponseCodec.decode(AbstractHttpResponseCodec.java:44)
at org.openqa.selenium.remote.HttpCommandExecutor.execute(HttpCommandExecutor.java:158)
at org.openqa.selenium.remote.service.DriverCommandExecutor.execute(DriverCommandExecutor.java:83)
at org.openqa.selenium.remote.RemoteWebDriver.execute(RemoteWebDriver.java:543)
at org.openqa.selenium.remote.RemoteWebElement.execute(RemoteWebElement.java:276)
at org.openqa.selenium.remote.RemoteWebElement.click(RemoteWebElement.java:83)
at com.revature.test.Test_Runner.clickTrainers(Test_Runner.java:111)
at com.revature.test.Test_Runner.VPclicksTraniner(Test_Runner.java:69)
at sun.reflect.NativeMethodAccessorImpl.invoke0(Native Method)
at sun.reflect.NativeMethodAccessorImpl.invoke(NativeMethodAccessorImpl.java:62)
at sun.reflect.DelegatingMethodAccessorImpl.invoke(DelegatingMethodAccessorImpl.java:43)
at java.lang.reflect.Method.invoke(Method.java:498)
at org.testng.internal.MethodInvocationHelper.invokeMethod(MethodInvocationHelper.java:124)
at org.testng.internal.Invoker.invokeMethod(Invoker.java:580)
at org.testng.internal.Invoker.invokeTestMethod(Invoker.java:716)
at org.testng.internal.Invoker.invokeTestMethods(Invoker.java:988)
at org.testng.internal.TestMethodWorker.invokeTestMethods(TestMethodWorker.java:125)
at org.testng.internal.TestMethodWorker.run(TestMethodWorker.java:109)
at org.testng.TestRunner.privateRun(TestRunner.java:648)
at org.testng.TestRunner.run(TestRunner.java:505)
at org.testng.SuiteRunner.runTest(SuiteRunner.java:455)
at org.testng.SuiteRunner.runSequentially(SuiteRunner.java:450)
at org.testng.SuiteRunner.privateRun(SuiteRunner.java:415)
at org.testng.SuiteRunner.run(SuiteRunner.java:364)
at org.testng.SuiteRunnerWorker.runSuite(SuiteRunnerWorker.java:52)
at org.testng.SuiteRunnerWorker.run(SuiteRunnerWorker.java:84)
at org.testng.TestNG.runSuitesSequentially(TestNG.java:1208)
at org.testng.TestNG.runSuitesLocally(TestNG.java:1137)
at org.testng.TestNG.runSuites(TestNG.java:1049)
at org.testng.TestNG.run(TestNG.java:1017)
at org.testng.remote.AbstractRemoteTestNG.run(AbstractRemoteTestNG.java:114)
at org.testng.remote.RemoteTestNG.initAndRun(RemoteTestNG.java:251)
at org.testng.remote.RemoteTestNG.main(RemoteTestNG.java:77)
]]>
            </full-stacktrace>
          </exception> <!-- org.openqa.selenium.ElementNotVisibleException -->
          <reporter-output>
          </reporter-output>
        </test-method> <!-- VPclicksTraniner -->
        <test-method status="PASS" signature="afterTest()[pri:0, instance:com.revature.test.Test_Runner@6d3af739]" name="afterTest" is-config="true" duration-ms="38" started-at="2018-05-12T20:40:09Z" finished-at="2018-05-12T20:40:09Z">
          <reporter-output>
          </reporter-output>
        </test-method> <!-- afterTest -->
      </class> <!-- com.revature.test.Test_Runner -->
    </test> <!-- Default test -->
  </suite> <!-- Default suite -->
</testng-results>
