<?xml version="1.0" encoding="UTF-8"?>
<testng-results skipped="0" failed="0" ignored="0" total="9" passed="9">
  <reporter-output>
  </reporter-output>
  <suite name="Default suite" duration-ms="66647" started-at="2018-05-14T15:09:29Z" finished-at="2018-05-14T15:10:36Z">
    <groups>
      <group name="include-test-one">
        <method signature="Test_Runner.LoginAsVP()[pri:0, instance:com.revature.test.Test_Runner@6f1fba17]" name="LoginAsVP" class="com.revature.test.Test_Runner"/>
        <method signature="Test_Runner.VPclicksBatches()[pri:0, instance:com.revature.test.Test_Runner@6f1fba17]" name="VPclicksBatches" class="com.revature.test.Test_Runner"/>
        <method signature="Test_Runner.VPclicksCurricula()[pri:0, instance:com.revature.test.Test_Runner@6f1fba17]" name="VPclicksCurricula" class="com.revature.test.Test_Runner"/>
        <method signature="Test_Runner.VPclicksLocation()[pri:0, instance:com.revature.test.Test_Runner@6f1fba17]" name="VPclicksLocation" class="com.revature.test.Test_Runner"/>
        <method signature="Test_Runner.VPclicksLogout()[pri:0, instance:com.revature.test.Test_Runner@6f1fba17]" name="VPclicksLogout" class="com.revature.test.Test_Runner"/>
        <method signature="Test_Runner.VPclicksOverview()[pri:0, instance:com.revature.test.Test_Runner@6f1fba17]" name="VPclicksOverview" class="com.revature.test.Test_Runner"/>
        <method signature="Test_Runner.VPclicksProfile()[pri:0, instance:com.revature.test.Test_Runner@6f1fba17]" name="VPclicksProfile" class="com.revature.test.Test_Runner"/>
        <method signature="Test_Runner.VPclicksSettings()[pri:0, instance:com.revature.test.Test_Runner@6f1fba17]" name="VPclicksSettings" class="com.revature.test.Test_Runner"/>
        <method signature="Test_Runner.VPclicksTraniner()[pri:0, instance:com.revature.test.Test_Runner@6f1fba17]" name="VPclicksTraniner" class="com.revature.test.Test_Runner"/>
      </group> <!-- include-test-one -->
    </groups>
    <test name="Default test" duration-ms="66647" started-at="2018-05-14T15:09:29Z" finished-at="2018-05-14T15:10:36Z">
      <class name="com.revature.test.Test_Runner">
        <test-method status="PASS" signature="beforeTest()[pri:0, instance:com.revature.test.Test_Runner@6f1fba17]" name="beforeTest" is-config="true" duration-ms="7" started-at="2018-05-14T11:09:29Z" finished-at="2018-05-14T11:09:29Z">
          <reporter-output>
          </reporter-output>
        </test-method> <!-- beforeTest -->
        <test-method status="PASS" signature="LoginAsVP()[pri:0, instance:com.revature.test.Test_Runner@6f1fba17]" name="LoginAsVP" duration-ms="5498" started-at="2018-05-14T11:09:29Z" finished-at="2018-05-14T11:09:35Z">
          <reporter-output>
          </reporter-output>
        </test-method> <!-- LoginAsVP -->
        <test-method status="PASS" signature="VPclicksBatches()[pri:0, instance:com.revature.test.Test_Runner@6f1fba17]" name="VPclicksBatches" duration-ms="7060" started-at="2018-05-14T11:09:35Z" finished-at="2018-05-14T11:09:42Z">
          <reporter-output>
          </reporter-output>
        </test-method> <!-- VPclicksBatches -->
        <test-method status="PASS" signature="VPclicksCurricula()[pri:0, instance:com.revature.test.Test_Runner@6f1fba17]" name="VPclicksCurricula" duration-ms="7519" started-at="2018-05-14T11:09:42Z" finished-at="2018-05-14T11:09:50Z">
          <reporter-output>
          </reporter-output>
        </test-method> <!-- VPclicksCurricula -->
        <test-method status="PASS" signature="VPclicksLocation()[pri:0, instance:com.revature.test.Test_Runner@6f1fba17]" name="VPclicksLocation" duration-ms="7081" started-at="2018-05-14T11:09:50Z" finished-at="2018-05-14T11:09:57Z">
          <reporter-output>
          </reporter-output>
        </test-method> <!-- VPclicksLocation -->
        <test-method status="PASS" signature="VPclicksLogout()[pri:0, instance:com.revature.test.Test_Runner@6f1fba17]" name="VPclicksLogout" duration-ms="7513" started-at="2018-05-14T11:09:57Z" finished-at="2018-05-14T11:10:04Z">
          <reporter-output>
          </reporter-output>
        </test-method> <!-- VPclicksLogout -->
        <test-method status="PASS" signature="VPclicksOverview()[pri:0, instance:com.revature.test.Test_Runner@6f1fba17]" name="VPclicksOverview" duration-ms="8089" started-at="2018-05-14T11:10:04Z" finished-at="2018-05-14T11:10:12Z">
          <reporter-output>
          </reporter-output>
        </test-method> <!-- VPclicksOverview -->
        <test-method status="PASS" signature="VPclicksProfile()[pri:0, instance:com.revature.test.Test_Runner@6f1fba17]" name="VPclicksProfile" duration-ms="7439" started-at="2018-05-14T11:10:13Z" finished-at="2018-05-14T11:10:20Z">
          <reporter-output>
          </reporter-output>
        </test-method> <!-- VPclicksProfile -->
        <test-method status="PASS" signature="VPclicksSettings()[pri:0, instance:com.revature.test.Test_Runner@6f1fba17]" name="VPclicksSettings" duration-ms="7205" started-at="2018-05-14T11:10:20Z" finished-at="2018-05-14T11:10:28Z">
          <reporter-output>
          </reporter-output>
        </test-method> <!-- VPclicksSettings -->
        <test-method status="PASS" signature="VPclicksTraniner()[pri:0, instance:com.revature.test.Test_Runner@6f1fba17]" name="VPclicksTraniner" duration-ms="8116" started-at="2018-05-14T11:10:28Z" finished-at="2018-05-14T11:10:36Z">
          <reporter-output>
          </reporter-output>
        </test-method> <!-- VPclicksTraniner -->
        <test-method status="FAIL" signature="afterTest()[pri:0, instance:com.revature.test.Test_Runner@6f1fba17]" name="afterTest" is-config="true" duration-ms="1" started-at="2018-05-14T11:10:36Z" finished-at="2018-05-14T11:10:36Z">
          <exception class="org.openqa.selenium.NoSuchSessionException">
            <message>
              <![CDATA[Session ID is null. Using WebDriver after calling quit()?
Build info: version: '3.8.1', revision: '6e95a6684b', time: '2017-12-01T18:33:54.468Z'
System info: host: 'ELINVAR', ip: '192.168.61.9', os.name: 'Windows 7', os.arch: 'amd64', os.version: '6.1', java.version: '1.8.0_161'
Driver info: driver.version: RemoteWebDriver]]>
            </message>
            <full-stacktrace>
              <![CDATA[org.openqa.selenium.NoSuchSessionException: Session ID is null. Using WebDriver after calling quit()?
Build info: version: '3.8.1', revision: '6e95a6684b', time: '2017-12-01T18:33:54.468Z'
System info: host: 'ELINVAR', ip: '192.168.61.9', os.name: 'Windows 7', os.arch: 'amd64', os.version: '6.1', java.version: '1.8.0_161'
Driver info: driver.version: RemoteWebDriver
	at org.openqa.selenium.remote.HttpCommandExecutor.execute(HttpCommandExecutor.java:125)
	at org.openqa.selenium.remote.service.DriverCommandExecutor.execute(DriverCommandExecutor.java:83)
	at org.openqa.selenium.remote.RemoteWebDriver.execute(RemoteWebDriver.java:545)
	at org.openqa.selenium.remote.RemoteWebDriver.execute(RemoteWebDriver.java:602)
	at org.openqa.selenium.remote.RemoteWebDriver.close(RemoteWebDriver.java:435)
	at com.revature.test.Test_Runner.afterTest(Test_Runner.java:246)
	at sun.reflect.NativeMethodAccessorImpl.invoke0(Native Method)
	at sun.reflect.NativeMethodAccessorImpl.invoke(NativeMethodAccessorImpl.java:62)
	at sun.reflect.DelegatingMethodAccessorImpl.invoke(DelegatingMethodAccessorImpl.java:43)
	at java.lang.reflect.Method.invoke(Method.java:498)
	at org.testng.internal.MethodInvocationHelper.invokeMethod(MethodInvocationHelper.java:108)
	at org.testng.internal.Invoker.invokeConfigurationMethod(Invoker.java:523)
	at org.testng.internal.Invoker.invokeConfigurations(Invoker.java:224)
	at org.testng.internal.Invoker.invokeConfigurations(Invoker.java:146)
	at org.testng.TestRunner.afterRun(TestRunner.java:958)
	at org.testng.TestRunner.run(TestRunner.java:606)
	at org.testng.SuiteRunner.runTest(SuiteRunner.java:380)
	at org.testng.SuiteRunner.runSequentially(SuiteRunner.java:375)
	at org.testng.SuiteRunner.privateRun(SuiteRunner.java:340)
	at org.testng.SuiteRunner.run(SuiteRunner.java:289)
	at org.testng.SuiteRunnerWorker.runSuite(SuiteRunnerWorker.java:52)
	at org.testng.SuiteRunnerWorker.run(SuiteRunnerWorker.java:86)
	at org.testng.TestNG.runSuitesSequentially(TestNG.java:1301)
	at org.testng.TestNG.runSuitesLocally(TestNG.java:1226)
	at org.testng.TestNG.runSuites(TestNG.java:1144)
	at org.testng.TestNG.run(TestNG.java:1115)
	at org.testng.remote.AbstractRemoteTestNG.run(AbstractRemoteTestNG.java:114)
	at org.testng.remote.RemoteTestNG.initAndRun(RemoteTestNG.java:251)
	at org.testng.remote.RemoteTestNG.main(RemoteTestNG.java:77)
]]>
            </full-stacktrace>
          </exception> <!-- org.openqa.selenium.NoSuchSessionException -->
          <reporter-output>
          </reporter-output>
        </test-method> <!-- afterTest -->
      </class> <!-- com.revature.test.Test_Runner -->
    </test> <!-- Default test -->
  </suite> <!-- Default suite -->
</testng-results>
