<?xml version="1.0" encoding="UTF-8"?>
<testng-results skipped="0" failed="0" ignored="0" total="1" passed="1">
  <reporter-output>
  </reporter-output>
  <suite name="Default suite" duration-ms="341" started-at="2018-05-12T20:36:27Z" finished-at="2018-05-12T20:36:27Z">
    <groups>
      <group name="cucumber">
        <method signature="AbstractTestNGCucumberTests.feature(cucumber.api.testng.CucumberFeatureWrapper)[pri:0, instance:com.revature.cucumber.CucumberCurriculaRunner@5427c60c]" name="feature" class="cucumber.api.testng.AbstractTestNGCucumberTests"/>
      </group> <!-- cucumber -->
    </groups>
    <test name="Default test" duration-ms="341" started-at="2018-05-12T20:36:27Z" finished-at="2018-05-12T20:36:27Z">
      <class name="com.revature.cucumber.CucumberCurriculaRunner">
        <test-method status="PASS" signature="setUpClass()[pri:0, instance:com.revature.cucumber.CucumberCurriculaRunner@5427c60c]" name="setUpClass" is-config="true" duration-ms="217" started-at="2018-05-12T20:36:27Z" finished-at="2018-05-12T20:36:27Z">
          <reporter-output>
          </reporter-output>
        </test-method> <!-- setUpClass -->
        <test-method status="PASS" signature="feature(cucumber.api.testng.CucumberFeatureWrapper)[pri:0, instance:com.revature.cucumber.CucumberCurriculaRunner@5427c60c]" name="feature" duration-ms="14" started-at="2018-05-12T20:36:27Z" description="Runs Cucumber Feature" data-provider="features" finished-at="2018-05-12T20:36:27Z">
          <params>
            <param index="0">
              <value>
                <![CDATA[The trainer will tests the curricula column]]>
              </value>
            </param>
          </params>
          <reporter-output>
          </reporter-output>
        </test-method> <!-- feature -->
        <test-method status="PASS" signature="tearDownClass()[pri:0, instance:com.revature.cucumber.CucumberCurriculaRunner@5427c60c]" name="tearDownClass" is-config="true" duration-ms="18" started-at="2018-05-12T20:36:27Z" finished-at="2018-05-12T20:36:27Z">
          <reporter-output>
          </reporter-output>
        </test-method> <!-- tearDownClass -->
      </class> <!-- com.revature.cucumber.CucumberCurriculaRunner -->
    </test> <!-- Default test -->
  </suite> <!-- Default suite -->
</testng-results>
