<?xml version="1.0" encoding="UTF-8"?>
<testng-results skipped="0" failed="1" ignored="0" total="1" passed="0">
  <reporter-output>
  </reporter-output>
  <suite name="Default suite" duration-ms="8802" started-at="2018-05-11T17:38:56Z" finished-at="2018-05-11T17:39:05Z">
    <groups>
    </groups>
    <test name="Default test" duration-ms="8802" started-at="2018-05-11T17:38:56Z" finished-at="2018-05-11T17:39:05Z">
      <class name="com.revature.pom.dev_assignforce_revaturelabs_com_TestNG">
        <test-method status="PASS" signature="beforeTest()[pri:0, instance:com.revature.pom.dev_assignforce_revaturelabs_com_TestNG@4ae82894]" name="beforeTest" is-config="true" duration-ms="10" started-at="2018-05-11T17:38:56Z" finished-at="2018-05-11T17:38:56Z">
          <reporter-output>
          </reporter-output>
        </test-method> <!-- beforeTest -->
        <test-method status="FAIL" signature="temp()[pri:0, instance:com.revature.pom.dev_assignforce_revaturelabs_com_TestNG@4ae82894]" name="temp" duration-ms="8734" started-at="2018-05-11T17:38:56Z" finished-at="2018-05-11T17:39:05Z">
          <exception class="org.openqa.selenium.WebDriverException">
            <message>
              <![CDATA[unknown error: Element <li class="md-nav-item ng-scope ng-isolate-scope layout-align-end-end" role="option" aria-selected="false" md-nav-click="mCtrl.logout();" name="logout" layout-align="end end">...</li> is not clickable at point (951, 61). Other element would receive the click: <md-backdrop class="md-select-backdrop md-click-catcher ng-scope" style="height: 671px; position: fixed;"></md-backdrop>
  (Session info: chrome=66.0.3359.139)
  (Driver info: chromedriver=2.38.552522 (437e6fbedfa8762dec75e2c5b3ddb86763dc9dcb),platform=Windows NT 6.1.7601 SP1 x86_64) (WARNING: The server did not provide any stacktrace information)
Command duration or timeout: 0 milliseconds
Build info: version: '3.12.0', revision: '7c6e0b3', time: '2018-05-08T15:15:08.936Z'
System info: host: 'ELINVAR', ip: '192.168.61.9', os.name: 'Windows 7', os.arch: 'amd64', os.version: '6.1', java.version: '1.8.0_161'
Driver info: org.openqa.selenium.chrome.ChromeDriver
Capabilities {acceptInsecureCerts: false, acceptSslCerts: false, applicationCacheEnabled: false, browserConnectionEnabled: false, browserName: chrome, chrome: {chromedriverVersion: 2.38.552522 (437e6fbedfa876..., userDataDir: C:\Users\kaiser\AppData\Loc...}, cssSelectorsEnabled: true, databaseEnabled: false, handlesAlerts: true, hasTouchScreen: false, javascriptEnabled: true, locationContextEnabled: true, mobileEmulationEnabled: false, nativeEvents: true, networkConnectionEnabled: false, pageLoadStrategy: normal, platform: XP, platformName: XP, rotatable: false, setWindowRect: true, takesHeapSnapshot: true, takesScreenshot: true, unexpectedAlertBehaviour: , unhandledPromptBehavior: , version: 66.0.3359.139, webStorageEnabled: true}
Session ID: c19e12ea3d86c3658d4731ca7a98a8ac]]>
            </message>
            <full-stacktrace>
              <![CDATA[org.openqa.selenium.WebDriverException: unknown error: Element <li class="md-nav-item ng-scope ng-isolate-scope layout-align-end-end" role="option" aria-selected="false" md-nav-click="mCtrl.logout();" name="logout" layout-align="end end">...</li> is not clickable at point (951, 61). Other element would receive the click: <md-backdrop class="md-select-backdrop md-click-catcher ng-scope" style="height: 671px; position: fixed;"></md-backdrop>
  (Session info: chrome=66.0.3359.139)
  (Driver info: chromedriver=2.38.552522 (437e6fbedfa8762dec75e2c5b3ddb86763dc9dcb),platform=Windows NT 6.1.7601 SP1 x86_64) (WARNING: The server did not provide any stacktrace information)
Command duration or timeout: 0 milliseconds
Build info: version: '3.12.0', revision: '7c6e0b3', time: '2018-05-08T15:15:08.936Z'
System info: host: 'ELINVAR', ip: '192.168.61.9', os.name: 'Windows 7', os.arch: 'amd64', os.version: '6.1', java.version: '1.8.0_161'
Driver info: org.openqa.selenium.chrome.ChromeDriver
Capabilities {acceptInsecureCerts: false, acceptSslCerts: false, applicationCacheEnabled: false, browserConnectionEnabled: false, browserName: chrome, chrome: {chromedriverVersion: 2.38.552522 (437e6fbedfa876..., userDataDir: C:\Users\kaiser\AppData\Loc...}, cssSelectorsEnabled: true, databaseEnabled: false, handlesAlerts: true, hasTouchScreen: false, javascriptEnabled: true, locationContextEnabled: true, mobileEmulationEnabled: false, nativeEvents: true, networkConnectionEnabled: false, pageLoadStrategy: normal, platform: XP, platformName: XP, rotatable: false, setWindowRect: true, takesHeapSnapshot: true, takesScreenshot: true, unexpectedAlertBehaviour: , unhandledPromptBehavior: , version: 66.0.3359.139, webStorageEnabled: true}
Session ID: c19e12ea3d86c3658d4731ca7a98a8ac
at sun.reflect.NativeConstructorAccessorImpl.newInstance0(Native Method)
at sun.reflect.NativeConstructorAccessorImpl.newInstance(NativeConstructorAccessorImpl.java:62)
at sun.reflect.DelegatingConstructorAccessorImpl.newInstance(DelegatingConstructorAccessorImpl.java:45)
at java.lang.reflect.Constructor.newInstance(Constructor.java:423)
at org.openqa.selenium.remote.ErrorHandler.createThrowable(ErrorHandler.java:214)
at org.openqa.selenium.remote.ErrorHandler.throwIfResponseFailed(ErrorHandler.java:166)
at org.openqa.selenium.remote.http.JsonHttpResponseCodec.reconstructValue(JsonHttpResponseCodec.java:40)
at org.openqa.selenium.remote.http.AbstractHttpResponseCodec.decode(AbstractHttpResponseCodec.java:80)
at org.openqa.selenium.remote.http.AbstractHttpResponseCodec.decode(AbstractHttpResponseCodec.java:44)
at org.openqa.selenium.remote.HttpCommandExecutor.execute(HttpCommandExecutor.java:158)
at org.openqa.selenium.remote.service.DriverCommandExecutor.execute(DriverCommandExecutor.java:83)
at org.openqa.selenium.remote.RemoteWebDriver.execute(RemoteWebDriver.java:543)
at org.openqa.selenium.remote.RemoteWebElement.execute(RemoteWebElement.java:276)
at org.openqa.selenium.remote.RemoteWebElement.click(RemoteWebElement.java:83)
at com.revature.pom.dev_assignforce_revaturelabs_com_TestNG.temp(dev_assignforce_revaturelabs_com_TestNG.java:53)
at sun.reflect.NativeMethodAccessorImpl.invoke0(Native Method)
at sun.reflect.NativeMethodAccessorImpl.invoke(NativeMethodAccessorImpl.java:62)
at sun.reflect.DelegatingMethodAccessorImpl.invoke(DelegatingMethodAccessorImpl.java:43)
at java.lang.reflect.Method.invoke(Method.java:498)
at org.testng.internal.MethodInvocationHelper.invokeMethod(MethodInvocationHelper.java:124)
at org.testng.internal.Invoker.invokeMethod(Invoker.java:580)
at org.testng.internal.Invoker.invokeTestMethod(Invoker.java:716)
at org.testng.internal.Invoker.invokeTestMethods(Invoker.java:988)
at org.testng.internal.TestMethodWorker.invokeTestMethods(TestMethodWorker.java:125)
at org.testng.internal.TestMethodWorker.run(TestMethodWorker.java:109)
at org.testng.TestRunner.privateRun(TestRunner.java:648)
at org.testng.TestRunner.run(TestRunner.java:505)
at org.testng.SuiteRunner.runTest(SuiteRunner.java:455)
at org.testng.SuiteRunner.runSequentially(SuiteRunner.java:450)
at org.testng.SuiteRunner.privateRun(SuiteRunner.java:415)
at org.testng.SuiteRunner.run(SuiteRunner.java:364)
at org.testng.SuiteRunnerWorker.runSuite(SuiteRunnerWorker.java:52)
at org.testng.SuiteRunnerWorker.run(SuiteRunnerWorker.java:84)
at org.testng.TestNG.runSuitesSequentially(TestNG.java:1208)
at org.testng.TestNG.runSuitesLocally(TestNG.java:1137)
at org.testng.TestNG.runSuites(TestNG.java:1049)
at org.testng.TestNG.run(TestNG.java:1017)
at org.testng.remote.AbstractRemoteTestNG.run(AbstractRemoteTestNG.java:114)
at org.testng.remote.RemoteTestNG.initAndRun(RemoteTestNG.java:251)
at org.testng.remote.RemoteTestNG.main(RemoteTestNG.java:77)
]]>
            </full-stacktrace>
          </exception> <!-- org.openqa.selenium.WebDriverException -->
          <reporter-output>
          </reporter-output>
        </test-method> <!-- temp -->
        <test-method status="PASS" signature="afterTest()[pri:0, instance:com.revature.pom.dev_assignforce_revaturelabs_com_TestNG@4ae82894]" name="afterTest" is-config="true" duration-ms="43" started-at="2018-05-11T17:39:05Z" finished-at="2018-05-11T17:39:05Z">
          <reporter-output>
          </reporter-output>
        </test-method> <!-- afterTest -->
      </class> <!-- com.revature.pom.dev_assignforce_revaturelabs_com_TestNG -->
    </test> <!-- Default test -->
  </suite> <!-- Default suite -->
</testng-results>
