<?xml version="1.0" encoding="UTF-8"?>
<testng-results skipped="0" failed="0" ignored="0" total="1" passed="1">
  <reporter-output>
  </reporter-output>
  <suite name="Default suite" duration-ms="9046" started-at="2018-05-11T15:22:20Z" finished-at="2018-05-11T15:22:29Z">
    <groups>
    </groups>
    <test name="Default test" duration-ms="9046" started-at="2018-05-11T15:22:20Z" finished-at="2018-05-11T15:22:29Z">
      <class name="com.revature.pom.dev_assignforce_revaturelabs_com_TestNG">
        <test-method status="PASS" signature="beforeTest()[pri:0, instance:com.revature.pom.dev_assignforce_revaturelabs_com_TestNG@4ae82894]" name="beforeTest" is-config="true" duration-ms="0" started-at="2018-05-11T15:22:20Z" finished-at="2018-05-11T15:22:20Z">
          <reporter-output>
          </reporter-output>
        </test-method> <!-- beforeTest -->
        <test-method status="PASS" signature="VerifyValidLogin()[pri:0, instance:com.revature.pom.dev_assignforce_revaturelabs_com_TestNG@4ae82894]" name="VerifyValidLogin" duration-ms="6688" started-at="2018-05-11T15:22:20Z" finished-at="2018-05-11T15:22:27Z">
          <reporter-output>
          </reporter-output>
        </test-method> <!-- VerifyValidLogin -->
        <test-method status="PASS" signature="afterTest()[pri:0, instance:com.revature.pom.dev_assignforce_revaturelabs_com_TestNG@4ae82894]" name="afterTest" is-config="true" duration-ms="2340" started-at="2018-05-11T15:22:27Z" finished-at="2018-05-11T15:22:29Z">
          <reporter-output>
          </reporter-output>
        </test-method> <!-- afterTest -->
      </class> <!-- com.revature.pom.dev_assignforce_revaturelabs_com_TestNG -->
    </test> <!-- Default test -->
  </suite> <!-- Default suite -->
</testng-results>
