<?xml version="1.0" encoding="UTF-8"?>
<testng-results skipped="0" failed="0" ignored="0" total="1" passed="1">
  <reporter-output>
  </reporter-output>
  <suite name="Command line suite" duration-ms="22058" started-at="2018-05-12T21:30:33Z" finished-at="2018-05-12T21:30:55Z">
    <groups>
      <group name="cucumber">
        <method signature="AbstractTestNGCucumberTests.feature(cucumber.api.testng.CucumberFeatureWrapper)[pri:0, instance:com.revature.cucumber.CucumberRunner@58a4a74d]" name="feature" class="cucumber.api.testng.AbstractTestNGCucumberTests"/>
      </group> <!-- cucumber -->
    </groups>
    <test name="Command line test" duration-ms="22058" started-at="2018-05-12T21:30:33Z" finished-at="2018-05-12T21:30:55Z">
      <class name="com.revature.cucumber.CucumberRunner">
        <test-method status="PASS" signature="setUpClass()[pri:0, instance:com.revature.cucumber.CucumberRunner@58a4a74d]" name="setUpClass" is-config="true" duration-ms="213" started-at="2018-05-12T21:30:33Z" finished-at="2018-05-12T21:30:33Z">
          <reporter-output>
          </reporter-output>
        </test-method> <!-- setUpClass -->
        <test-method status="PASS" signature="feature(cucumber.api.testng.CucumberFeatureWrapper)[pri:0, instance:com.revature.cucumber.CucumberRunner@58a4a74d]" name="feature" duration-ms="21644" started-at="2018-05-12T21:30:33Z" description="Runs Cucumber Feature" data-provider="features" finished-at="2018-05-12T21:30:55Z">
          <params>
            <param index="0">
              <value>
                <![CDATA[]]>
              </value>
            </param>
          </params>
          <reporter-output>
          </reporter-output>
        </test-method> <!-- feature -->
        <test-method status="PASS" signature="tearDownClass()[pri:0, instance:com.revature.cucumber.CucumberRunner@58a4a74d]" name="tearDownClass" is-config="true" duration-ms="2" started-at="2018-05-12T21:30:55Z" finished-at="2018-05-12T21:30:55Z">
          <reporter-output>
          </reporter-output>
        </test-method> <!-- tearDownClass -->
      </class> <!-- com.revature.cucumber.CucumberRunner -->
    </test> <!-- Command line test -->
  </suite> <!-- Command line suite -->
</testng-results>
