<?xml version="1.0" encoding="UTF-8"?>
<testng-results skipped="0" failed="1" ignored="0" total="1" passed="0">
  <reporter-output>
  </reporter-output>
  <suite name="Default suite" duration-ms="20187" started-at="2018-05-11T15:26:28Z" finished-at="2018-05-11T15:26:48Z">
    <groups>
      <group name="cucumber">
        <method signature="AbstractTestNGCucumberTests.feature(cucumber.api.testng.CucumberFeatureWrapper)[pri:0, instance:com.revature.cucumber.RunnerUserEntersTheLandingPage@5427c60c]" name="feature" class="cucumber.api.testng.AbstractTestNGCucumberTests"/>
      </group> <!-- cucumber -->
    </groups>
    <test name="Default test" duration-ms="20187" started-at="2018-05-11T15:26:28Z" finished-at="2018-05-11T15:26:48Z">
      <class name="com.revature.cucumber.RunnerUserEntersTheLandingPage">
        <test-method status="PASS" signature="setUpClass()[pri:0, instance:com.revature.cucumber.RunnerUserEntersTheLandingPage@5427c60c]" name="setUpClass" is-config="true" duration-ms="1632" started-at="2018-05-11T15:26:28Z" finished-at="2018-05-11T15:26:30Z">
          <reporter-output>
          </reporter-output>
        </test-method> <!-- setUpClass -->
        <test-method status="FAIL" signature="feature(cucumber.api.testng.CucumberFeatureWrapper)[pri:0, instance:com.revature.cucumber.RunnerUserEntersTheLandingPage@5427c60c]" name="feature" duration-ms="18103" started-at="2018-05-11T15:26:30Z" description="Runs Cucumber Feature" data-provider="features" finished-at="2018-05-11T15:26:48Z">
          <params>
            <param index="0">
              <value>
                <![CDATA[Entering the landing page all batches are displayed]]>
              </value>
            </param>
          </params>
          <exception class="cucumber.runtime.CucumberException">
            <message>
              <![CDATA[java.lang.NullPointerException]]>
            </message>
            <full-stacktrace>
              <![CDATA[cucumber.runtime.CucumberException: java.lang.NullPointerException
at cucumber.api.testng.TestNGCucumberRunner.runCucumber(TestNGCucumberRunner.java:69)
at cucumber.api.testng.AbstractTestNGCucumberTests.feature(AbstractTestNGCucumberTests.java:21)
at sun.reflect.NativeMethodAccessorImpl.invoke0(Native Method)
at sun.reflect.NativeMethodAccessorImpl.invoke(Unknown Source)
at sun.reflect.DelegatingMethodAccessorImpl.invoke(Unknown Source)
at java.lang.reflect.Method.invoke(Unknown Source)
at org.testng.internal.MethodInvocationHelper.invokeMethod(MethodInvocationHelper.java:124)
at org.testng.internal.Invoker.invokeMethod(Invoker.java:580)
at org.testng.internal.Invoker.invokeTestMethod(Invoker.java:716)
at org.testng.internal.Invoker.invokeTestMethods(Invoker.java:988)
at org.testng.internal.TestMethodWorker.invokeTestMethods(TestMethodWorker.java:125)
at org.testng.internal.TestMethodWorker.run(TestMethodWorker.java:109)
at org.testng.TestRunner.privateRun(TestRunner.java:648)
at org.testng.TestRunner.run(TestRunner.java:505)
at org.testng.SuiteRunner.runTest(SuiteRunner.java:455)
at org.testng.SuiteRunner.runSequentially(SuiteRunner.java:450)
at org.testng.SuiteRunner.privateRun(SuiteRunner.java:415)
at org.testng.SuiteRunner.run(SuiteRunner.java:364)
at org.testng.SuiteRunnerWorker.runSuite(SuiteRunnerWorker.java:52)
at org.testng.SuiteRunnerWorker.run(SuiteRunnerWorker.java:84)
at org.testng.TestNG.runSuitesSequentially(TestNG.java:1208)
at org.testng.TestNG.runSuitesLocally(TestNG.java:1137)
at org.testng.TestNG.runSuites(TestNG.java:1049)
at org.testng.TestNG.run(TestNG.java:1017)
at org.testng.remote.AbstractRemoteTestNG.run(AbstractRemoteTestNG.java:114)
at org.testng.remote.RemoteTestNG.initAndRun(RemoteTestNG.java:251)
at org.testng.remote.RemoteTestNG.main(RemoteTestNG.java:77)
Caused by: java.lang.NullPointerException
at com.revature.cucumber.StepsUserEntersTheLandingPage.credentials_are_valid(StepsUserEntersTheLandingPage.java:26)
at ✽.Given credentials are valid(src/main/resources/UserEntersTheLandingPage.feature:10)
]]>
            </full-stacktrace>
          </exception> <!-- cucumber.runtime.CucumberException -->
          <reporter-output>
          </reporter-output>
        </test-method> <!-- feature -->
        <test-method status="PASS" signature="tearDownClass()[pri:0, instance:com.revature.cucumber.RunnerUserEntersTheLandingPage@5427c60c]" name="tearDownClass" is-config="true" duration-ms="18" started-at="2018-05-11T15:26:48Z" finished-at="2018-05-11T15:26:48Z">
          <reporter-output>
          </reporter-output>
        </test-method> <!-- tearDownClass -->
      </class> <!-- com.revature.cucumber.RunnerUserEntersTheLandingPage -->
    </test> <!-- Default test -->
  </suite> <!-- Default suite -->
</testng-results>
