<?xml version="1.0" encoding="UTF-8"?>
<testng-results skipped="0" failed="0" ignored="0" total="1" passed="1">
  <reporter-output>
  </reporter-output>
  <suite name="Default suite" duration-ms="591" started-at="2018-05-12T19:02:37Z" finished-at="2018-05-12T19:02:38Z">
    <groups>
      <group name="cucumber">
        <method signature="AbstractTestNGCucumberTests.feature(cucumber.api.testng.CucumberFeatureWrapper)[pri:0, instance:com.revature.cucumber.Vpoftech_Locations_Runner@15bfd87]" name="feature" class="cucumber.api.testng.AbstractTestNGCucumberTests"/>
      </group> <!-- cucumber -->
    </groups>
    <test name="Default test" duration-ms="591" started-at="2018-05-12T19:02:37Z" finished-at="2018-05-12T19:02:38Z">
      <class name="com.revature.cucumber.Vpoftech_Locations_Runner">
        <test-method status="PASS" signature="setUpClass()[pri:0, instance:com.revature.cucumber.Vpoftech_Locations_Runner@15bfd87]" name="setUpClass" is-config="true" duration-ms="314" started-at="2018-05-12T19:02:37Z" finished-at="2018-05-12T19:02:37Z">
          <reporter-output>
          </reporter-output>
        </test-method> <!-- setUpClass -->
        <test-method status="PASS" signature="feature(cucumber.api.testng.CucumberFeatureWrapper)[pri:0, instance:com.revature.cucumber.Vpoftech_Locations_Runner@15bfd87]" name="feature" duration-ms="160" started-at="2018-05-12T19:02:37Z" description="Runs Cucumber Feature" data-provider="features" finished-at="2018-05-12T19:02:37Z">
          <params>
            <param index="0">
              <value>
                <![CDATA[VP of Tech tests location page]]>
              </value>
            </param>
          </params>
          <reporter-output>
          </reporter-output>
        </test-method> <!-- feature -->
        <test-method status="PASS" signature="tearDownClass()[pri:0, instance:com.revature.cucumber.Vpoftech_Locations_Runner@15bfd87]" name="tearDownClass" is-config="true" duration-ms="7" started-at="2018-05-12T19:02:37Z" finished-at="2018-05-12T19:02:38Z">
          <reporter-output>
          </reporter-output>
        </test-method> <!-- tearDownClass -->
      </class> <!-- com.revature.cucumber.Vpoftech_Locations_Runner -->
    </test> <!-- Default test -->
  </suite> <!-- Default suite -->
</testng-results>
